[2025-10-01 22:28:16] Backup complete.
[2025-10-01 22:28:53] Backup complete.
[2025-10-01 22:29:13] Generating report...
[2025-10-01 22:29:13] Report complete.
[2025-10-01 22:33:16] Generating report...
[2025-10-01 22:33:16] Report complete.
[2025-10-01 22:33:29] Backup complete.
[2025-10-01 22:46:42] Show commands.
[2025-10-01 22:48:50] Show commands.
[2025-10-01 22:52:40] Show commands
[2025-10-01 22:55:27] Backup complete.
[2025-10-01 22:55:27] Cleaning /tmp...
[2025-10-01 22:55:27] ⚠️ Some files in /tmp could not be removed
[2025-10-01 22:55:27] Cleanup complete.
[2025-10-01 22:55:27] Show commands
[2025-10-01 22:55:27] Generating report...
[2025-10-01 22:55:27] Report complete.
[2025-10-01 22:56:55] Backup complete.
[2025-10-01 22:56:55] Cleaning /tmp...
[2025-10-01 22:56:55] ⚠️ Some files in /tmp could not be removed
[2025-10-01 22:56:55] Cleanup complete.
[2025-10-01 22:56:55] Show commands
[2025-10-01 22:56:55] Generating report...
[2025-10-01 22:56:55] Report complete.
